<?xml version="1.0" encoding="UTF-8"?>
<!-- Generated by org.testng.reporters.JUnitReportReporter -->
<testsuite hostname="LAPTOP-J9FKEE2C" failures="0" tests="1" name="mavenforjenkins.UITest" time="11.299" errors="0" timestamp="2023-06-02T03:33:13 IST" skipped="0">
  <testcase classname="mavenforjenkins.UITest" name="startBrowser" time="11.299"/>
  <system-out/>
</testsuite> <!-- mavenforjenkins.UITest -->
